Arguments: 
  F:\Eclipse\zoho project\car-rental-system\rentberry\target\node\node.exe F:\Eclipse\zoho project\car-rental-system\rentberry\target\node\yarn\dist\bin\yarn.js install

PATH: 
  F:\Eclipse\zoho project\car-rental-system\rentberry\target\node;F:\Eclipse\zoho project\car-rental-system\rentberry\target\node\yarn\dist\bin;C:\Program Files\Common Files\Oracle\Java\javapath;C:\Program Files (x86)\Common Files\Oracle\Java\javapath;C:\WINDOWS\system32;C:\WINDOWS;C:\WINDOWS\System32\Wbem;C:\WINDOWS\System32\WindowsPowerShell\v1.0\;C:\WINDOWS\System32\OpenSSH\;C:\Program Files\Git\cmd;C:\Program Files\apache-maven-3.8.1\bin;C:\Users\STC\AppData\Roaming\nvm;C:\Program Files\nodejs;C:\Program Files (x86)\nodejs\;C:\Program Files\Go\bin;C:\Users\STC\AppData\Local\Programs\Python\Python39\Scripts\;C:\Users\STC\AppData\Local\Programs\Python\Python39\;C:\Users\STC\AppData\Local\Microsoft\WindowsApps;C:\Users\STC\AppData\Local\Programs\Microsoft VS Code\bin;C:\Program Files\JetBrains\IntelliJ IDEA Community Edition 2021.1.1\bin;;C:\Users\STC\AppData\Roaming\nvm;C:\Program Files\nodejs;C:\Users\STC\AppData\Roaming\npm;C:\Program Files\heroku\bin;C:\Users\STC\AppData\Local\Microsoft\WindowsApps;C:\Users\STC\go\bin;;

Yarn version: 
  1.22.10

Node version: 
  14.17.3

Platform: 
  win32 x64

Trace: 
  Error: https://registry.yarnpkg.com/@material-ui/icons/-/icons-4.11.3.tgz: ESOCKETTIMEDOUT
      at ClientRequest.<anonymous> (F:\Eclipse\zoho project\car-rental-system\rentberry\target\node\yarn\dist\lib\cli.js:141376:19)
      at Object.onceWrapper (events.js:481:28)
      at ClientRequest.emit (events.js:375:28)
      at TLSSocket.emitRequestTimeout (_http_client.js:790:9)
      at Object.onceWrapper (events.js:481:28)
      at TLSSocket.emit (events.js:387:35)
      at TLSSocket.Socket._onTimeout (net.js:484:8)
      at listOnTimeout (internal/timers.js:557:17)
      at processTimers (internal/timers.js:500:7)

npm manifest: 
  {
    "name": "rentberry",
    "version": "1.0.0",
    "homepage": "/rentberry/",
    "private": true,
    "dependencies": {
      "@chakra-ui/react": "^2.0.0",
      "@emotion/react": "^11.9.0",
      "@emotion/styled": "^11.8.1",
      "@material-ui/core": "^4.12.1",
      "@material-ui/icons": "^4.11.2",
      "axios": "^0.27.2",
      "bootstrap": "^5.1.3",
      "framer-motion": "^6.3.3",
      "react": "17.0.2",
      "react-cookie": "^4.1.1",
      "react-dom": "17.0.2",
      "react-router-dom": "^5.3.0",
      "react-scripts": "4.0.3",
      "react-test-renderer": "^17.0.2",
      "reactstrap": "^8.10.0"
    },
    "scripts": {
      "start": "react-scripts start",
      "build": "react-scripts build",
      "test": "react-scripts test --env=jsdom",
      "eject": "react-scripts eject"
    },
    "proxy": "http://localhost:8080/",
    "browserslist": [
      "defaults"
    ]
  }

yarn manifest: 
  No manifest

Lockfile: 
  No lockfile
